<?xml version="1.0" encoding="UTF-8" ?>
<testsuite tests="1" failures="0" name="com.pinyougou.solr.ItemImport2SolrTest" time="0" errors="1" skipped="0">
  <properties>
[...]
</properties>
  <testcase classname="com.pinyougou.solr.ItemImport2SolrTest" name="test" time="0">
    <error message="Failed to load ApplicationContext" type="java.lang.IllegalStateException">java.lang.IllegalStateException: Failed to load ApplicationContext
	at org.springframework.test.context.cache.DefaultCacheAwareContextLoaderDelegate.loadContext(DefaultCacheAwareContextLoaderDelegate.java:124)
	at org.springframework.test.context.support.DefaultTestContext.getApplicationContext(DefaultTestContext.java:83)
	at org.springframework.test.context.support.DependencyInjectionTestExecutionListener.injectDependencies(DependencyInjectionTestExecutionListener.java:117)
	at org.springframework.test.context.support.DependencyInjectionTestExecutionListener.prepareTestInstance(DependencyInjectionTestExecutionListener.java:83)
	at org.springframework.test.context.TestContextManager.prepareTestInstance(TestContextManager.java:230)
	at org.springframework.test.context.junit4.SpringJUnit4ClassRunner.createTest(SpringJUnit4ClassRunner.java:228)
	at org.springframework.test.context.junit4.SpringJUnit4ClassRunner$1.runReflectiveCall(SpringJUnit4ClassRunner.java:287)
	at org.junit.internal.runners.model.ReflectiveCallable.run(ReflectiveCallable.java:12)
	at org.springframework.test.context.junit4.SpringJUnit4ClassRunner.methodBlock(SpringJUnit4ClassRunner.java:289)
	at org.springframework.test.context.junit4.SpringJUnit4ClassRunner.runChild(SpringJUnit4ClassRunner.java:247)
	at org.springframework.test.context.junit4.SpringJUnit4ClassRunner.runChild(SpringJUnit4ClassRunner.java:94)
	at org.junit.runners.ParentRunner$3.run(ParentRunner.java:290)
	at org.junit.runners.ParentRunner$1.schedule(ParentRunner.java:71)
	at org.junit.runners.ParentRunner.runChildren(ParentRunner.java:288)
	at org.junit.runners.ParentRunner.access$000(ParentRunner.java:58)
	at org.junit.runners.ParentRunner$2.evaluate(ParentRunner.java:268)
	at org.springframework.test.context.junit4.statements.RunBeforeTestClassCallbacks.evaluate(RunBeforeTestClassCallbacks.java:61)
	at org.springframework.test.context.junit4.statements.RunAfterTestClassCallbacks.evaluate(RunAfterTestClassCallbacks.java:70)
	at org.junit.runners.ParentRunner.run(ParentRunner.java:363)
	at org.springframework.test.context.junit4.SpringJUnit4ClassRunner.run(SpringJUnit4ClassRunner.java:191)
	at org.apache.maven.surefire.junit4.JUnit4Provider.execute(JUnit4Provider.java:252)
	at org.apache.maven.surefire.junit4.JUnit4Provider.executeTestSet(JUnit4Provider.java:141)
	at org.apache.maven.surefire.junit4.JUnit4Provider.invoke(JUnit4Provider.java:112)
	at sun.reflect.NativeMethodAccessorImpl.invoke0(Native Method)
	at sun.reflect.NativeMethodAccessorImpl.invoke(NativeMethodAccessorImpl.java:62)
	at sun.reflect.DelegatingMethodAccessorImpl.invoke(DelegatingMethodAccessorImpl.java:43)
	at java.lang.reflect.Method.invoke(Method.java:498)
	at org.apache.maven.surefire.util.ReflectionUtils.invokeMethodWithArray(ReflectionUtils.java:189)
	at org.apache.maven.surefire.booter.ProviderFactory$ProviderProxy.invoke(ProviderFactory.java:165)
	at org.apache.maven.surefire.booter.ProviderFactory.invokeProvider(ProviderFactory.java:85)
	at org.apache.maven.surefire.booter.ForkedBooter.runSuitesInProcess(ForkedBooter.java:115)
	at org.apache.maven.surefire.booter.ForkedBooter.main(ForkedBooter.java:75)
Caused by: org.springframework.beans.factory.UnsatisfiedDependencyException: Error creating bean with name &apos;solrTemplate&apos; defined in file [E:\java83\workspaces\project\pinyougou\pinyougou-solr-import\target\classes\spring\applicationContext-solr.xml]: Unsatisfied dependency expressed through constructor parameter 0: Could not convert argument value of type [org.apache.solr.client.solrj.impl.HttpSolrServer] to required type [org.apache.solr.client.solrj.SolrServer]: Failed to convert value of type &apos;org.apache.solr.client.solrj.impl.HttpSolrServer&apos; to required type &apos;org.apache.solr.client.solrj.SolrServer&apos;; nested exception is java.lang.IllegalStateException: Cannot convert value of type &apos;org.apache.solr.client.solrj.impl.HttpSolrServer&apos; to required type &apos;org.apache.solr.client.solrj.SolrServer&apos;: no matching editors or conversion strategy found
Related cause: org.springframework.beans.factory.UnsatisfiedDependencyException: Error creating bean with name &apos;solrTemplate&apos; defined in file [E:\java83\workspaces\project\pinyougou\pinyougou-solr-import\target\classes\spring\applicationContext-solr.xml]: Unsatisfied dependency expressed through constructor parameter 0: Ambiguous argument values for parameter of type [org.springframework.data.solr.server.SolrServerFactory] - did you specify the correct bean references as arguments?
Related cause: org.springframework.beans.factory.UnsatisfiedDependencyException: Error creating bean with name &apos;solrTemplate&apos; defined in file [E:\java83\workspaces\project\pinyougou\pinyougou-solr-import\target\classes\spring\applicationContext-solr.xml]: Unsatisfied dependency expressed through constructor parameter 0: Could not convert argument value of type [org.apache.solr.client.solrj.impl.HttpSolrServer] to required type [org.apache.solr.client.solrj.SolrServer]: Failed to convert value of type &apos;org.apache.solr.client.solrj.impl.HttpSolrServer&apos; to required type &apos;org.apache.solr.client.solrj.SolrServer&apos;; nested exception is java.lang.IllegalStateException: Cannot convert value of type &apos;org.apache.solr.client.solrj.impl.HttpSolrServer&apos; to required type &apos;org.apache.solr.client.solrj.SolrServer&apos;: no matching editors or conversion strategy found
	at org.springframework.beans.factory.support.ConstructorResolver.createArgumentArray(ConstructorResolver.java:723)
	at org.springframework.beans.factory.support.ConstructorResolver.autowireConstructor(ConstructorResolver.java:189)
	at org.springframework.beans.factory.support.AbstractAutowireCapableBeanFactory.autowireConstructor(AbstractAutowireCapableBeanFactory.java:1193)
	at org.springframework.beans.factory.support.AbstractAutowireCapableBeanFactory.createBeanInstance(AbstractAutowireCapableBeanFactory.java:1095)
	at org.springframework.beans.factory.support.AbstractAutowireCapableBeanFactory.doCreateBean(AbstractAutowireCapableBeanFactory.java:513)
	at org.springframework.beans.factory.support.AbstractAutowireCapableBeanFactory.createBean(AbstractAutowireCapableBeanFactory.java:483)
	at org.springframework.beans.factory.support.AbstractBeanFactory$1.getObject(AbstractBeanFactory.java:306)
	at org.springframework.beans.factory.support.DefaultSingletonBeanRegistry.getSingleton(DefaultSingletonBeanRegistry.java:230)
	at org.springframework.beans.factory.support.AbstractBeanFactory.doGetBean(AbstractBeanFactory.java:302)
	at org.springframework.beans.factory.support.AbstractBeanFactory.getBean(AbstractBeanFactory.java:197)
	at org.springframework.beans.factory.support.DefaultListableBeanFactory.preInstantiateSingletons(DefaultListableBeanFactory.java:761)
	at org.springframework.context.support.AbstractApplicationContext.finishBeanFactoryInitialization(AbstractApplicationContext.java:867)
	at org.springframework.context.support.AbstractApplicationContext.refresh(AbstractApplicationContext.java:543)
	at org.springframework.test.context.support.AbstractGenericContextLoader.loadContext(AbstractGenericContextLoader.java:128)
	at org.springframework.test.context.support.AbstractGenericContextLoader.loadContext(AbstractGenericContextLoader.java:60)
	at org.springframework.test.context.support.AbstractDelegatingSmartContextLoader.delegateLoading(AbstractDelegatingSmartContextLoader.java:108)
	at org.springframework.test.context.support.AbstractDelegatingSmartContextLoader.loadContext(AbstractDelegatingSmartContextLoader.java:251)
	at org.springframework.test.context.cache.DefaultCacheAwareContextLoaderDelegate.loadContextInternal(DefaultCacheAwareContextLoaderDelegate.java:98)
	at org.springframework.test.context.cache.DefaultCacheAwareContextLoaderDelegate.loadContext(DefaultCacheAwareContextLoaderDelegate.java:116)
	... 31 more
</error>
    <system-out>2018-10-06 00:02:36,371 [main] [org.springframework.test.context.junit4.SpringJUnit4ClassRunner]-[DEBUG] SpringJUnit4ClassRunner constructor called with [class com.pinyougou.solr.ItemImport2SolrTest]
2018-10-06 00:02:36,371 [main] [org.springframework.test.context.BootstrapUtils]-[DEBUG] Instantiating CacheAwareContextLoaderDelegate from class [org.springframework.test.context.cache.DefaultCacheAwareContextLoaderDelegate]
2018-10-06 00:02:36,371 [main] [org.springframework.test.context.BootstrapUtils]-[DEBUG] Instantiating BootstrapContext using constructor [public org.springframework.test.context.support.DefaultBootstrapContext(java.lang.Class,org.springframework.test.context.CacheAwareContextLoaderDelegate)]
2018-10-06 00:02:36,381 [main] [org.springframework.test.context.BootstrapUtils]-[DEBUG] Instantiating TestContextBootstrapper for test class [com.pinyougou.solr.ItemImport2SolrTest] from class [org.springframework.test.context.support.DefaultTestContextBootstrapper]
2018-10-06 00:02:36,401 [main] [org.springframework.test.context.support.AbstractDelegatingSmartContextLoader]-[DEBUG] Delegating to GenericXmlContextLoader to process context configuration [ContextConfigurationAttributes@3f49dace declaringClass = &apos;com.pinyougou.solr.ItemImport2SolrTest&apos;, classes = &apos;{}&apos;, locations = &apos;{classpath*:spring/applicationContext-*.xml}&apos;, inheritLocations = true, initializers = &apos;{}&apos;, inheritInitializers = true, name = [null], contextLoaderClass = &apos;org.springframework.test.context.ContextLoader&apos;].
2018-10-06 00:02:36,411 [main] [org.springframework.test.context.support.ActiveProfilesUtils]-[DEBUG] Could not find an &apos;annotation declaring class&apos; for annotation type [org.springframework.test.context.ActiveProfiles] and class [com.pinyougou.solr.ItemImport2SolrTest]
2018-10-06 00:02:36,411 [main] [org.springframework.test.context.support.DefaultTestContextBootstrapper]-[DEBUG] @TestExecutionListeners is not present for class [com.pinyougou.solr.ItemImport2SolrTest]: using defaults.
2018-10-06 00:02:36,411 [main] [org.springframework.test.context.support.DefaultTestContextBootstrapper]-[INFO] Loaded default TestExecutionListener class names from location [META-INF/spring.factories]: [org.springframework.test.context.web.ServletTestExecutionListener, org.springframework.test.context.support.DirtiesContextBeforeModesTestExecutionListener, org.springframework.test.context.support.DependencyInjectionTestExecutionListener, org.springframework.test.context.support.DirtiesContextTestExecutionListener, org.springframework.test.context.transaction.TransactionalTestExecutionListener, org.springframework.test.context.jdbc.SqlScriptsTestExecutionListener]
2018-10-06 00:02:36,411 [main] [org.springframework.test.context.support.DefaultTestContextBootstrapper]-[INFO] Could not instantiate TestExecutionListener [org.springframework.test.context.web.ServletTestExecutionListener]. Specify custom listener classes or make the default listener classes (and their required dependencies) available. Offending class: [javax/servlet/ServletContext]
2018-10-06 00:02:36,421 [main] [org.springframework.test.context.support.DefaultTestContextBootstrapper]-[INFO] Using TestExecutionListeners: [org.springframework.test.context.support.DirtiesContextBeforeModesTestExecutionListener@6321e813, org.springframework.test.context.support.DependencyInjectionTestExecutionListener@79be0360, org.springframework.test.context.support.DirtiesContextTestExecutionListener@22a67b4, org.springframework.test.context.transaction.TransactionalTestExecutionListener@57855c9a, org.springframework.test.context.jdbc.SqlScriptsTestExecutionListener@3b084709]
2018-10-06 00:02:36,421 [main] [org.springframework.test.annotation.ProfileValueUtils]-[DEBUG] Retrieved @ProfileValueSourceConfiguration [null] for test class [com.pinyougou.solr.ItemImport2SolrTest]
2018-10-06 00:02:36,421 [main] [org.springframework.test.annotation.ProfileValueUtils]-[DEBUG] Retrieved ProfileValueSource type [class org.springframework.test.annotation.SystemProfileValueSource] for class [com.pinyougou.solr.ItemImport2SolrTest]
2018-10-06 00:02:36,421 [main] [org.springframework.test.annotation.ProfileValueUtils]-[DEBUG] Retrieved @ProfileValueSourceConfiguration [null] for test class [com.pinyougou.solr.ItemImport2SolrTest]
2018-10-06 00:02:36,421 [main] [org.springframework.test.annotation.ProfileValueUtils]-[DEBUG] Retrieved ProfileValueSource type [class org.springframework.test.annotation.SystemProfileValueSource] for class [com.pinyougou.solr.ItemImport2SolrTest]
2018-10-06 00:02:36,421 [main] [org.springframework.test.context.support.AbstractDirtiesContextTestExecutionListener]-[DEBUG] Before test class: context [DefaultTestContext@76707e36 testClass = ItemImport2SolrTest, testInstance = [null], testMethod = [null], testException = [null], mergedContextConfiguration = [MergedContextConfiguration@614ddd49 testClass = ItemImport2SolrTest, locations = &apos;{classpath*:spring/applicationContext-*.xml}&apos;, classes = &apos;{}&apos;, contextInitializerClasses = &apos;[]&apos;, activeProfiles = &apos;{}&apos;, propertySourceLocations = &apos;{}&apos;, propertySourceProperties = &apos;{}&apos;, contextCustomizers = set[[empty]], contextLoader = &apos;org.springframework.test.context.support.DelegatingSmartContextLoader&apos;, parent = [null]]], class annotated with @DirtiesContext [false] with mode [null].
2018-10-06 00:02:36,421 [main] [org.springframework.test.annotation.ProfileValueUtils]-[DEBUG] Retrieved @ProfileValueSourceConfiguration [null] for test class [com.pinyougou.solr.ItemImport2SolrTest]
2018-10-06 00:02:36,421 [main] [org.springframework.test.annotation.ProfileValueUtils]-[DEBUG] Retrieved ProfileValueSource type [class org.springframework.test.annotation.SystemProfileValueSource] for class [com.pinyougou.solr.ItemImport2SolrTest]
2018-10-06 00:02:36,421 [main] [org.springframework.test.context.support.DependencyInjectionTestExecutionListener]-[DEBUG] Performing dependency injection for test context [[DefaultTestContext@76707e36 testClass = ItemImport2SolrTest, testInstance = com.pinyougou.solr.ItemImport2SolrTest@51cdd8a, testMethod = [null], testException = [null], mergedContextConfiguration = [MergedContextConfiguration@614ddd49 testClass = ItemImport2SolrTest, locations = &apos;{classpath*:spring/applicationContext-*.xml}&apos;, classes = &apos;{}&apos;, contextInitializerClasses = &apos;[]&apos;, activeProfiles = &apos;{}&apos;, propertySourceLocations = &apos;{}&apos;, propertySourceProperties = &apos;{}&apos;, contextCustomizers = set[[empty]], contextLoader = &apos;org.springframework.test.context.support.DelegatingSmartContextLoader&apos;, parent = [null]]]].
2018-10-06 00:02:36,421 [main] [org.springframework.test.context.support.AbstractDelegatingSmartContextLoader]-[DEBUG] Delegating to GenericXmlContextLoader to load context from [MergedContextConfiguration@614ddd49 testClass = ItemImport2SolrTest, locations = &apos;{classpath*:spring/applicationContext-*.xml}&apos;, classes = &apos;{}&apos;, contextInitializerClasses = &apos;[]&apos;, activeProfiles = &apos;{}&apos;, propertySourceLocations = &apos;{}&apos;, propertySourceProperties = &apos;{}&apos;, contextCustomizers = set[[empty]], contextLoader = &apos;org.springframework.test.context.support.DelegatingSmartContextLoader&apos;, parent = [null]].
2018-10-06 00:02:36,421 [main] [org.springframework.test.context.support.AbstractGenericContextLoader]-[DEBUG] Loading ApplicationContext for merged context configuration [[MergedContextConfiguration@614ddd49 testClass = ItemImport2SolrTest, locations = &apos;{classpath*:spring/applicationContext-*.xml}&apos;, classes = &apos;{}&apos;, contextInitializerClasses = &apos;[]&apos;, activeProfiles = &apos;{}&apos;, propertySourceLocations = &apos;{}&apos;, propertySourceProperties = &apos;{}&apos;, contextCustomizers = set[[empty]], contextLoader = &apos;org.springframework.test.context.support.DelegatingSmartContextLoader&apos;, parent = [null]]].
2018-10-06 00:02:36,451 [main] [org.springframework.core.env.StandardEnvironment]-[DEBUG] Adding [systemProperties] PropertySource with lowest search precedence
2018-10-06 00:02:36,451 [main] [org.springframework.core.env.StandardEnvironment]-[DEBUG] Adding [systemEnvironment] PropertySource with lowest search precedence
2018-10-06 00:02:36,451 [main] [org.springframework.core.env.StandardEnvironment]-[DEBUG] Initialized StandardEnvironment with PropertySources [systemProperties,systemEnvironment]
2018-10-06 00:02:36,461 [main] [org.springframework.core.io.support.PathMatchingResourcePatternResolver]-[DEBUG] Resolved classpath location [spring/] to resources [URL [file:/E:/java83/workspaces/project/pinyougou/pinyougou-solr-import/target/classes/spring/], URL [jar:file:/E:/java83/workspaces/project/pinyougou/pinyougou-dao/target/pinyougou-dao-1.0-SNAPSHOT.jar!/spring/]]
2018-10-06 00:02:36,461 [main] [org.springframework.core.io.support.PathMatchingResourcePatternResolver]-[DEBUG] Looking for matching resources in directory tree [E:\java83\workspaces\project\pinyougou\pinyougou-solr-import\target\classes\spring]
2018-10-06 00:02:36,461 [main] [org.springframework.core.io.support.PathMatchingResourcePatternResolver]-[DEBUG] Searching directory [E:\java83\workspaces\project\pinyougou\pinyougou-solr-import\target\classes\spring] for files matching pattern [E:/java83/workspaces/project/pinyougou/pinyougou-solr-import/target/classes/spring/applicationContext-*.xml]
2018-10-06 00:02:36,461 [main] [org.springframework.core.io.support.PathMatchingResourcePatternResolver]-[DEBUG] Looking for matching resources in jar file [file:/E:/java83/workspaces/project/pinyougou/pinyougou-dao/target/pinyougou-dao-1.0-SNAPSHOT.jar]
2018-10-06 00:02:36,461 [main] [org.springframework.core.io.support.PathMatchingResourcePatternResolver]-[DEBUG] Resolved location pattern [classpath*:spring/applicationContext-*.xml] to resources [file [E:\java83\workspaces\project\pinyougou\pinyougou-solr-import\target\classes\spring\applicationContext-solr.xml], URL [jar:file:/E:/java83/workspaces/project/pinyougou/pinyougou-dao/target/pinyougou-dao-1.0-SNAPSHOT.jar!/spring/applicationContext-dao.xml]]
2018-10-06 00:02:36,461 [main] [org.springframework.beans.factory.xml.XmlBeanDefinitionReader]-[INFO] Loading XML bean definitions from file [E:\java83\workspaces\project\pinyougou\pinyougou-solr-import\target\classes\spring\applicationContext-solr.xml]
2018-10-06 00:02:36,481 [main] [org.springframework.beans.factory.xml.DefaultDocumentLoader]-[DEBUG] Using JAXP provider [com.sun.org.apache.xerces.internal.jaxp.DocumentBuilderFactoryImpl]
2018-10-06 00:02:36,501 [main] [org.springframework.beans.factory.xml.PluggableSchemaResolver]-[DEBUG] Loading schema mappings from [META-INF/spring.schemas]
2018-10-06 00:02:36,501 [main] [org.springframework.beans.factory.xml.PluggableSchemaResolver]-[DEBUG] Loaded schema mappings: {http://www.springframework.org/schema/tx/spring-tx-2.5.xsd=org/springframework/transaction/config/spring-tx-2.5.xsd, http://www.springframework.org/schema/cache/spring-cache-4.2.xsd=org/springframework/cache/config/spring-cache-4.2.xsd, http://www.springframework.org/schema/aop/spring-aop-4.1.xsd=org/springframework/aop/config/spring-aop-4.1.xsd, http://www.springframework.org/schema/context/spring-context-3.1.xsd=org/springframework/context/config/spring-context-3.1.xsd, http://www.springframework.org/schema/data/repository/spring-repository-1.4.xsd=org/springframework/data/repository/config/spring-repository-1.4.xsd, http://www.springframework.org/schema/jdbc/spring-jdbc-4.1.xsd=org/springframework/jdbc/config/spring-jdbc-4.1.xsd, http://www.springframework.org/schema/util/spring-util-3.0.xsd=org/springframework/beans/factory/xml/spring-util-3.0.xsd, http://www.springframework.org/schema/aop/spring-aop-3.2.xsd=org/springframework/aop/config/spring-aop-3.2.xsd, http://www.springframework.org/schema/tool/spring-tool.xsd=org/springframework/beans/factory/xml/spring-tool-4.3.xsd, http://mybatis.org/schema/mybatis-spring-1.2.xsd=org/mybatis/spring/config/mybatis-spring-1.2.xsd, http://www.springframework.org/schema/lang/spring-lang-4.1.xsd=org/springframework/scripting/config/spring-lang-4.1.xsd, http://www.springframework.org/schema/context/spring-context-4.0.xsd=org/springframework/context/config/spring-context-4.0.xsd, http://www.springframework.org/schema/beans/spring-beans-4.2.xsd=org/springframework/beans/factory/xml/spring-beans-4.2.xsd, http://www.springframework.org/schema/tool/spring-tool-4.1.xsd=org/springframework/beans/factory/xml/spring-tool-4.1.xsd, http://www.springframework.org/schema/lang/spring-lang-3.2.xsd=org/springframework/scripting/config/spring-lang-3.2.xsd, http://www.springframework.org/schema/cache/spring-cache-3.2.xsd=org/springframework/cache/config/spring-cache-3.2.xsd, http://www.springframework.org/schema/jee/spring-jee-4.1.xsd=org/springframework/ejb/config/spring-jee-4.1.xsd, http://www.springframework.org/schema/jdbc/spring-jdbc-3.1.xsd=org/springframework/jdbc/config/spring-jdbc-3.1.xsd, http://www.springframework.org/schema/task/spring-task-4.2.xsd=org/springframework/scheduling/config/spring-task-4.2.xsd, http://www.springframework.org/schema/util/spring-util-2.0.xsd=org/springframework/beans/factory/xml/spring-util-2.0.xsd, http://www.springframework.org/schema/tool/spring-tool-3.2.xsd=org/springframework/beans/factory/xml/spring-tool-3.2.xsd, http://www.springframework.org/schema/context/spring-context.xsd=org/springframework/context/config/spring-context-4.3.xsd, http://www.springframework.org/schema/cache/spring-cache-4.1.xsd=org/springframework/cache/config/spring-cache-4.1.xsd, http://www.springframework.org/schema/aop/spring-aop-4.0.xsd=org/springframework/aop/config/spring-aop-4.0.xsd, http://www.springframework.org/schema/jee/spring-jee-3.2.xsd=org/springframework/ejb/config/spring-jee-3.2.xsd, http://www.springframework.org/schema/context/spring-context-3.0.xsd=org/springframework/context/config/spring-context-3.0.xsd, http://www.springframework.org/schema/jdbc/spring-jdbc-4.0.xsd=org/springframework/jdbc/config/spring-jdbc-4.0.xsd, http://www.springframework.org/schema/util/spring-util-2.5.xsd=org/springframework/beans/factory/xml/spring-util-2.5.xsd, http://www.springframework.org/schema/util/spring-util-4.3.xsd=org/springframework/beans/factory/xml/spring-util-4.3.xsd, http://www.springframework.org/schema/beans/spring-beans-3.2.xsd=org/springframework/beans/factory/xml/spring-beans-3.2.xsd, http://www.springframework.org/schema/data/solr/spring-solr.xsd=org/springframework/data/solr/config/spring-solr-1.0.xsd, http://www.springframework.org/schema/aop/spring-aop-3.1.xsd=org/springframework/aop/config/spring-aop-3.1.xsd, http://www.springframework.org/schema/lang/spring-lang-4.0.xsd=org/springframework/scripting/config/spring-lang-4.0.xsd, http://www.springframework.org/schema/data/repository/spring-repository-1.8.xsd=org/springframework/data/repository/config/spring-repository-1.8.xsd, http://www.springframework.org/schema/beans/spring-beans-4.1.xsd=org/springframework/beans/factory/xml/spring-beans-4.1.xsd, http://www.springframework.org/schema/tool/spring-tool-4.0.xsd=org/springframework/beans/factory/xml/spring-tool-4.0.xsd, http://www.springframework.org/schema/tx/spring-tx-3.2.xsd=org/springframework/transaction/config/spring-tx-3.2.xsd, http://www.springframework.org/schema/lang/spring-lang-3.1.xsd=org/springframework/scripting/config/spring-lang-3.1.xsd, http://www.springframework.org/schema/cache/spring-cache-3.1.xsd=org/springframework/cache/config/spring-cache-3.1.xsd, http://www.springframework.org/schema/jee/spring-jee-4.0.xsd=org/springframework/ejb/config/spring-jee-4.0.xsd, http://www.springframework.org/schema/jdbc/spring-jdbc-3.0.xsd=org/springframework/jdbc/config/spring-jdbc-3.0.xsd, http://www.springframework.org/schema/task/spring-task-4.1.xsd=org/springframework/scheduling/config/spring-task-4.1.xsd, http://www.springframework.org/schema/jdbc/spring-jdbc.xsd=org/springframework/jdbc/config/spring-jdbc-4.3.xsd, http://www.springframework.org/schema/tool/spring-tool-3.1.xsd=org/springframework/beans/factory/xml/spring-tool-3.1.xsd, http://www.springframework.org/schema/tx/spring-tx-4.1.xsd=org/springframework/transaction/config/spring-tx-4.1.xsd, http://www.springframework.org/schema/cache/spring-cache-4.0.xsd=org/springframework/cache/config/spring-cache-4.0.xsd, http://www.springframework.org/schema/jee/spring-jee-3.1.xsd=org/springframework/ejb/config/spring-jee-3.1.xsd, http://www.springframework.org/schema/task/spring-task-3.2.xsd=org/springframework/scheduling/config/spring-task-3.2.xsd, http://www.springframework.org/schema/util/spring-util-4.2.xsd=org/springframework/beans/factory/xml/spring-util-4.2.xsd, http://www.springframework.org/schema/beans/spring-beans-3.1.xsd=org/springframework/beans/factory/xml/spring-beans-3.1.xsd, http://www.springframework.org/schema/util/spring-util.xsd=org/springframework/beans/factory/xml/spring-util-4.3.xsd, http://www.springframework.org/schema/aop/spring-aop-3.0.xsd=org/springframework/aop/config/spring-aop-3.0.xsd, http://www.springframework.org/schema/data/repository/spring-repository.xsd=org/springframework/data/repository/config/spring-repository-1.11.xsd, http://www.springframework.org/schema/data/repository/spring-repository-1.7.xsd=org/springframework/data/repository/config/spring-repository-1.7.xsd, http://www.springframework.org/schema/beans/spring-beans-4.0.xsd=org/springframework/beans/factory/xml/spring-beans-4.0.xsd, http://www.springframework.org/schema/beans/spring-beans.xsd=org/springframework/beans/factory/xml/spring-beans-4.3.xsd, http://www.springframework.org/schema/tx/spring-tx-3.1.xsd=org/springframework/transaction/config/spring-tx-3.1.xsd, http://www.springframework.org/schema/lang/spring-lang-3.0.xsd=org/springframework/scripting/config/spring-lang-3.0.xsd, http://mybatis.org/schema/mybatis-spring.xsd=org/mybatis/spring/config/mybatis-spring-1.2.xsd, http://www.springframework.org/schema/context/spring-context-2.5.xsd=org/springframework/context/config/spring-context-2.5.xsd, http://www.springframework.org/schema/context/spring-context-4.3.xsd=org/springframework/context/config/spring-context-4.3.xsd, http://www.springframework.org/schema/task/spring-task-4.0.xsd=org/springframework/scheduling/config/spring-task-4.0.xsd, http://www.springframework.org/schema/tool/spring-tool-3.0.xsd=org/springframework/beans/factory/xml/spring-tool-3.0.xsd, http://www.springframework.org/schema/tx/spring-tx-4.0.xsd=org/springframework/transaction/config/spring-tx-4.0.xsd, http://www.springframework.org/schema/data/solr/spring-solr-1.0.xsd=org/springframework/data/solr/config/spring-solr-1.0.xsd, http://www.springframework.org/schema/aop/spring-aop-2.0.xsd=org/springframework/aop/config/spring-aop-2.0.xsd, http://www.springframework.org/schema/jee/spring-jee-3.0.xsd=org/springframework/ejb/config/spring-jee-3.0.xsd, http://www.springframework.org/schema/task/spring-task-3.1.xsd=org/springframework/scheduling/config/spring-task-3.1.xsd, http://www.springframework.org/schema/util/spring-util-4.1.xsd=org/springframework/beans/factory/xml/spring-util-4.1.xsd, http://www.springframework.org/schema/beans/spring-beans-3.0.xsd=org/springframework/beans/factory/xml/spring-beans-3.0.xsd, http://www.springframework.org/schema/jee/spring-jee.xsd=org/springframework/ejb/config/spring-jee-4.3.xsd, http://www.springframework.org/schema/aop/spring-aop-4.3.xsd=org/springframework/aop/config/spring-aop-4.3.xsd, http://www.springframework.org/schema/aop/spring-aop-2.5.xsd=org/springframework/aop/config/spring-aop-2.5.xsd, http://www.springframework.org/schema/lang/spring-lang-2.0.xsd=org/springframework/scripting/config/spring-lang-2.0.xsd, http://www.springframework.org/schema/data/repository/spring-repository-1.6.xsd=org/springframework/data/repository/config/spring-repository-1.6.xsd, http://www.springframework.org/schema/jdbc/spring-jdbc-4.3.xsd=org/springframework/jdbc/config/spring-jdbc-4.3.xsd, http://www.springframework.org/schema/util/spring-util-3.2.xsd=org/springframework/beans/factory/xml/spring-util-3.2.xsd, http://www.springframework.org/schema/task/spring-task.xsd=org/springframework/scheduling/config/spring-task-4.3.xsd, http://www.springframework.org/schema/tool/spring-tool-2.0.xsd=org/springframework/beans/factory/xml/spring-tool-2.0.xsd, http://www.springframework.org/schema/tx/spring-tx-3.0.xsd=org/springframework/transaction/config/spring-tx-3.0.xsd, http://www.springframework.org/schema/lang/spring-lang-2.5.xsd=org/springframework/scripting/config/spring-lang-2.5.xsd, http://www.springframework.org/schema/lang/spring-lang-4.3.xsd=org/springframework/scripting/config/spring-lang-4.3.xsd, http://www.springframework.org/schema/context/spring-context-4.2.xsd=org/springframework/context/config/spring-context-4.2.xsd, http://www.springframework.org/schema/jee/spring-jee-2.0.xsd=org/springframework/ejb/config/spring-jee-2.0.xsd, http://www.springframework.org/schema/tool/spring-tool-4.3.xsd=org/springframework/beans/factory/xml/spring-tool-4.3.xsd, http://www.springframework.org/schema/tool/spring-tool-2.5.xsd=org/springframework/beans/factory/xml/spring-tool-2.5.xsd, http://www.springframework.org/schema/jee/spring-jee-4.3.xsd=org/springframework/ejb/config/spring-jee-4.3.xsd, http://www.springframework.org/schema/jee/spring-jee-2.5.xsd=org/springframework/ejb/config/spring-jee-2.5.xsd, http://www.springframework.org/schema/data/repository/spring-repository-1.0.xsd=org/springframework/data/repository/config/spring-repository-1.0.xsd, http://www.springframework.org/schema/task/spring-task-3.0.xsd=org/springframework/scheduling/config/spring-task-3.0.xsd, http://www.springframework.org/schema/util/spring-util-4.0.xsd=org/springframework/beans/factory/xml/spring-util-4.0.xsd, http://www.springframework.org/schema/cache/spring-cache-4.3.xsd=org/springframework/cache/config/spring-cache-4.3.xsd, http://www.springframework.org/schema/aop/spring-aop-4.2.xsd=org/springframework/aop/config/spring-aop-4.2.xsd, http://www.springframework.org/schema/lang/spring-lang.xsd=org/springframework/scripting/config/spring-lang-4.3.xsd, http://www.springframework.org/schema/context/spring-context-3.2.xsd=org/springframework/context/config/spring-context-3.2.xsd, http://www.springframework.org/schema/data/repository/spring-repository-1.5.xsd=org/springframework/data/repository/config/spring-repository-1.5.xsd, http://www.springframework.org/schema/jdbc/spring-jdbc-4.2.xsd=org/springframework/jdbc/config/spring-jdbc-4.2.xsd, http://www.springframework.org/schema/util/spring-util-3.1.xsd=org/springframework/beans/factory/xml/spring-util-3.1.xsd, http://www.springframework.org/schema/beans/spring-beans-2.0.xsd=org/springframework/beans/factory/xml/spring-beans-2.0.xsd, http://www.springframework.org/schema/cache/spring-cache.xsd=org/springframework/cache/config/spring-cache-4.3.xsd, http://www.springframework.org/schema/tx/spring-tx.xsd=org/springframework/transaction/config/spring-tx-4.1.xsd, http://www.springframework.org/schema/lang/spring-lang-4.2.xsd=org/springframework/scripting/config/spring-lang-4.2.xsd, http://www.springframework.org/schema/context/spring-context-4.1.xsd=org/springframework/context/config/spring-context-4.1.xsd, http://www.springframework.org/schema/beans/spring-beans-2.5.xsd=org/springframework/beans/factory/xml/spring-beans-2.5.xsd, http://www.springframework.org/schema/beans/spring-beans-4.3.xsd=org/springframework/beans/factory/xml/spring-beans-4.3.xsd, http://www.springframework.org/schema/tool/spring-tool-4.2.xsd=org/springframework/beans/factory/xml/spring-tool-4.2.xsd, http://www.springframework.org/schema/tx/spring-tx-2.0.xsd=org/springframework/transaction/config/spring-tx-2.0.xsd, http://www.alibaba.com/schema/stat.xsd=META-INF/stat.xsd, http://www.springframework.org/schema/data/repository/spring-repository-1.11.xsd=org/springframework/data/repository/config/spring-repository-1.11.xsd, http://www.springframework.org/schema/jee/spring-jee-4.2.xsd=org/springframework/ejb/config/spring-jee-4.2.xsd, http://www.springframework.org/schema/jdbc/spring-jdbc-3.2.xsd=org/springframework/jdbc/config/spring-jdbc-3.2.xsd, http://www.springframework.org/schema/aop/spring-aop.xsd=org/springframework/aop/config/spring-aop-4.3.xsd, http://www.springframework.org/schema/task/spring-task-4.3.xsd=org/springframework/scheduling/config/spring-task-4.3.xsd}
2018-10-06 00:02:36,511 [main] [org.springframework.beans.factory.xml.PluggableSchemaResolver]-[DEBUG] Found XML schema [http://www.springframework.org/schema/beans/spring-beans.xsd] in classpath: org/springframework/beans/factory/xml/spring-beans-4.3.xsd
2018-10-06 00:02:36,551 [main] [org.springframework.beans.factory.xml.DefaultBeanDefinitionDocumentReader]-[DEBUG] Loading bean definitions
2018-10-06 00:02:36,561 [main] [org.springframework.beans.factory.xml.XmlBeanDefinitionReader]-[INFO] Loading XML bean definitions from URL [jar:file:/E:/java83/workspaces/project/pinyougou/pinyougou-dao/target/pinyougou-dao-1.0-SNAPSHOT.jar!/spring/applicationContext-dao.xml]
2018-10-06 00:02:36,561 [main] [org.springframework.beans.factory.xml.DefaultDocumentLoader]-[DEBUG] Using JAXP provider [com.sun.org.apache.xerces.internal.jaxp.DocumentBuilderFactoryImpl]
2018-10-06 00:02:36,571 [main] [org.springframework.beans.factory.xml.PluggableSchemaResolver]-[DEBUG] Found XML schema [http://www.springframework.org/schema/beans/spring-beans.xsd] in classpath: org/springframework/beans/factory/xml/spring-beans-4.3.xsd
2018-10-06 00:02:36,591 [main] [org.springframework.beans.factory.xml.PluggableSchemaResolver]-[DEBUG] Found XML schema [http://www.springframework.org/schema/context/spring-context.xsd] in classpath: org/springframework/context/config/spring-context-4.3.xsd
2018-10-06 00:02:36,591 [main] [org.springframework.beans.factory.xml.PluggableSchemaResolver]-[DEBUG] Found XML schema [http://www.springframework.org/schema/tool/spring-tool-4.3.xsd] in classpath: org/springframework/beans/factory/xml/spring-tool-4.3.xsd
2018-10-06 00:02:36,591 [main] [org.springframework.beans.factory.xml.DefaultBeanDefinitionDocumentReader]-[DEBUG] Loading bean definitions
2018-10-06 00:02:36,601 [main] [org.springframework.beans.factory.xml.DefaultNamespaceHandlerResolver]-[DEBUG] Loaded NamespaceHandler mappings: {http://www.springframework.org/schema/data/solr=org.springframework.data.solr.config.SolrNamespaceHandler, http://www.springframework.org/schema/p=org.springframework.beans.factory.xml.SimplePropertyNamespaceHandler, http://www.springframework.org/schema/util=org.springframework.beans.factory.xml.UtilNamespaceHandler, http://www.alibaba.com/schema/stat=com.alibaba.druid.support.spring.stat.config.DruidStatNamespaceHandler, http://www.springframework.org/schema/jee=org.springframework.ejb.config.JeeNamespaceHandler, http://www.springframework.org/schema/aop=org.springframework.aop.config.AopNamespaceHandler, http://www.springframework.org/schema/data/repository=org.springframework.data.repository.config.RepositoryNameSpaceHandler, http://www.springframework.org/schema/jdbc=org.springframework.jdbc.config.JdbcNamespaceHandler, http://www.springframework.org/schema/cache=org.springframework.cache.config.CacheNamespaceHandler, http://mybatis.org/schema/mybatis-spring=org.mybatis.spring.config.NamespaceHandler, http://www.springframework.org/schema/c=org.springframework.beans.factory.xml.SimpleConstructorNamespaceHandler, http://www.springframework.org/schema/tx=org.springframework.transaction.config.TxNamespaceHandler, http://www.springframework.org/schema/task=org.springframework.scheduling.config.TaskNamespaceHandler, http://www.springframework.org/schema/lang=org.springframework.scripting.config.LangNamespaceHandler, http://www.springframework.org/schema/data/keyvalue=org.springframework.data.keyvalue.repository.config.KeyValueRepositoryNameSpaceHandler, http://www.springframework.org/schema/context=org.springframework.context.config.ContextNamespaceHandler}
2018-10-06 00:02:36,611 [main] [org.springframework.beans.factory.xml.BeanDefinitionParserDelegate]-[DEBUG] Neither XML &apos;id&apos; nor &apos;name&apos; specified - using generated bean name [tk.mybatis.spring.mapper.MapperScannerConfigurer#0]
2018-10-06 00:02:36,611 [main] [org.springframework.beans.factory.xml.XmlBeanDefinitionReader]-[DEBUG] Loaded 6 bean definitions from location pattern [classpath*:spring/applicationContext-*.xml]
2018-10-06 00:02:36,621 [main] [org.springframework.context.support.GenericApplicationContext]-[INFO] Refreshing org.springframework.context.support.GenericApplicationContext@34c4973: startup date [Sat Oct 06 00:02:36 CST 2018]; root of context hierarchy
2018-10-06 00:02:36,621 [main] [org.springframework.context.support.GenericApplicationContext]-[DEBUG] Bean factory for org.springframework.context.support.GenericApplicationContext@34c4973: org.springframework.beans.factory.support.DefaultListableBeanFactory@77e9807f: defining beans [solrServer,solrTemplate,org.springframework.context.support.PropertySourcesPlaceholderConfigurer#0,dataSource,sqlSessionFactory,tk.mybatis.spring.mapper.MapperScannerConfigurer#0,org.springframework.context.annotation.internalConfigurationAnnotationProcessor,org.springframework.context.annotation.internalAutowiredAnnotationProcessor,org.springframework.context.annotation.internalRequiredAnnotationProcessor,org.springframework.context.annotation.internalCommonAnnotationProcessor,org.springframework.context.event.internalEventListenerProcessor,org.springframework.context.event.internalEventListenerFactory]; root of factory hierarchy
2018-10-06 00:02:36,651 [main] [org.springframework.beans.factory.support.DefaultListableBeanFactory]-[DEBUG] Creating shared instance of singleton bean &apos;org.springframework.context.annotation.internalConfigurationAnnotationProcessor&apos;
2018-10-06 00:02:36,651 [main] [org.springframework.beans.factory.support.DefaultListableBeanFactory]-[DEBUG] Creating instance of bean &apos;org.springframework.context.annotation.internalConfigurationAnnotationProcessor&apos;
2018-10-06 00:02:36,661 [main] [org.springframework.beans.factory.support.DefaultListableBeanFactory]-[DEBUG] Eagerly caching bean &apos;org.springframework.context.annotation.internalConfigurationAnnotationProcessor&apos; to allow for resolving potential circular references
2018-10-06 00:02:36,661 [main] [org.springframework.beans.factory.support.DefaultListableBeanFactory]-[DEBUG] Finished creating instance of bean &apos;org.springframework.context.annotation.internalConfigurationAnnotationProcessor&apos;
2018-10-06 00:02:36,691 [main] [org.springframework.beans.factory.support.DefaultListableBeanFactory]-[DEBUG] Creating shared instance of singleton bean &apos;tk.mybatis.spring.mapper.MapperScannerConfigurer#0&apos;
2018-10-06 00:02:36,691 [main] [org.springframework.beans.factory.support.DefaultListableBeanFactory]-[DEBUG] Creating instance of bean &apos;tk.mybatis.spring.mapper.MapperScannerConfigurer#0&apos;
2018-10-06 00:02:36,691 [main] [org.springframework.beans.factory.support.DefaultListableBeanFactory]-[DEBUG] Eagerly caching bean &apos;tk.mybatis.spring.mapper.MapperScannerConfigurer#0&apos; to allow for resolving potential circular references
2018-10-06 00:02:36,741 [main] [org.springframework.beans.factory.support.DefaultListableBeanFactory]-[DEBUG] Invoking afterPropertiesSet() on bean with name &apos;tk.mybatis.spring.mapper.MapperScannerConfigurer#0&apos;
2018-10-06 00:02:36,741 [main] [org.springframework.beans.factory.support.DefaultListableBeanFactory]-[DEBUG] Finished creating instance of bean &apos;tk.mybatis.spring.mapper.MapperScannerConfigurer#0&apos;
2018-10-06 00:02:36,751 [main] [org.springframework.core.env.StandardEnvironment]-[DEBUG] Adding [systemProperties] PropertySource with lowest search precedence
2018-10-06 00:02:36,751 [main] [org.springframework.core.env.StandardEnvironment]-[DEBUG] Adding [systemEnvironment] PropertySource with lowest search precedence
2018-10-06 00:02:36,751 [main] [org.springframework.core.env.StandardEnvironment]-[DEBUG] Initialized StandardEnvironment with PropertySources [systemProperties,systemEnvironment]
2018-10-06 00:02:36,751 [main] [org.springframework.core.io.support.PathMatchingResourcePatternResolver]-[DEBUG] Resolved classpath location [com/pinyougou/mapper/] to resources [URL [jar:file:/E:/java83/workspaces/project/pinyougou/pinyougou-dao/target/pinyougou-dao-1.0-SNAPSHOT.jar!/com/pinyougou/mapper/]]
2018-10-06 00:02:36,751 [main] [org.springframework.core.io.support.PathMatchingResourcePatternResolver]-[DEBUG] Looking for matching resources in jar file [file:/E:/java83/workspaces/project/pinyougou/pinyougou-dao/target/pinyougou-dao-1.0-SNAPSHOT.jar]
2018-10-06 00:02:36,761 [main] [org.springframework.core.io.support.PathMatchingResourcePatternResolver]-[DEBUG] Resolved location pattern [classpath*:com/pinyougou/mapper/**/*.class] to resources [URL [jar:file:/E:/java83/workspaces/project/pinyougou/pinyougou-dao/target/pinyougou-dao-1.0-SNAPSHOT.jar!/com/pinyougou/mapper/BrandMapper.class], URL [jar:file:/E:/java83/workspaces/project/pinyougou/pinyougou-dao/target/pinyougou-dao-1.0-SNAPSHOT.jar!/com/pinyougou/mapper/ContentCategoryMapper.class], URL [jar:file:/E:/java83/workspaces/project/pinyougou/pinyougou-dao/target/pinyougou-dao-1.0-SNAPSHOT.jar!/com/pinyougou/mapper/ContentMapper.class], URL [jar:file:/E:/java83/workspaces/project/pinyougou/pinyougou-dao/target/pinyougou-dao-1.0-SNAPSHOT.jar!/com/pinyougou/mapper/GoodsDescMapper.class], URL [jar:file:/E:/java83/workspaces/project/pinyougou/pinyougou-dao/target/pinyougou-dao-1.0-SNAPSHOT.jar!/com/pinyougou/mapper/GoodsMapper.class], URL [jar:file:/E:/java83/workspaces/project/pinyougou/pinyougou-dao/target/pinyougou-dao-1.0-SNAPSHOT.jar!/com/pinyougou/mapper/ItemCatMapper.class], URL [jar:file:/E:/java83/workspaces/project/pinyougou/pinyougou-dao/target/pinyougou-dao-1.0-SNAPSHOT.jar!/com/pinyougou/mapper/ItemMapper.class], URL [jar:file:/E:/java83/workspaces/project/pinyougou/pinyougou-dao/target/pinyougou-dao-1.0-SNAPSHOT.jar!/com/pinyougou/mapper/SellerMapper.class], URL [jar:file:/E:/java83/workspaces/project/pinyougou/pinyougou-dao/target/pinyougou-dao-1.0-SNAPSHOT.jar!/com/pinyougou/mapper/SpecificationMapper.class], URL [jar:file:/E:/java83/workspaces/project/pinyougou/pinyougou-dao/target/pinyougou-dao-1.0-SNAPSHOT.jar!/com/pinyougou/mapper/SpecificationOptionMapper.class], URL [jar:file:/E:/java83/workspaces/project/pinyougou/pinyougou-dao/target/pinyougou-dao-1.0-SNAPSHOT.jar!/com/pinyougou/mapper/TypeTemplateMapper.class]]
2018-10-06 00:02:36,761 [main] [org.mybatis.spring.mapper.ClassPathMapperScanner]-[DEBUG] Identified candidate component class: URL [jar:file:/E:/java83/workspaces/project/pinyougou/pinyougou-dao/target/pinyougou-dao-1.0-SNAPSHOT.jar!/com/pinyougou/mapper/BrandMapper.class]
2018-10-06 00:02:36,761 [main] [org.mybatis.spring.mapper.ClassPathMapperScanner]-[DEBUG] Identified candidate component class: URL [jar:file:/E:/java83/workspaces/project/pinyougou/pinyougou-dao/target/pinyougou-dao-1.0-SNAPSHOT.jar!/com/pinyougou/mapper/ContentCategoryMapper.class]
2018-10-06 00:02:36,761 [main] [org.mybatis.spring.mapper.ClassPathMapperScanner]-[DEBUG] Identified candidate component class: URL [jar:file:/E:/java83/workspaces/project/pinyougou/pinyougou-dao/target/pinyougou-dao-1.0-SNAPSHOT.jar!/com/pinyougou/mapper/ContentMapper.class]
2018-10-06 00:02:36,761 [main] [org.mybatis.spring.mapper.ClassPathMapperScanner]-[DEBUG] Identified candidate component class: URL [jar:file:/E:/java83/workspaces/project/pinyougou/pinyougou-dao/target/pinyougou-dao-1.0-SNAPSHOT.jar!/com/pinyougou/mapper/GoodsDescMapper.class]
2018-10-06 00:02:36,761 [main] [org.mybatis.spring.mapper.ClassPathMapperScanner]-[DEBUG] Identified candidate component class: URL [jar:file:/E:/java83/workspaces/project/pinyougou/pinyougou-dao/target/pinyougou-dao-1.0-SNAPSHOT.jar!/com/pinyougou/mapper/GoodsMapper.class]
2018-10-06 00:02:36,761 [main] [org.mybatis.spring.mapper.ClassPathMapperScanner]-[DEBUG] Identified candidate component class: URL [jar:file:/E:/java83/workspaces/project/pinyougou/pinyougou-dao/target/pinyougou-dao-1.0-SNAPSHOT.jar!/com/pinyougou/mapper/ItemCatMapper.class]
2018-10-06 00:02:36,761 [main] [org.mybatis.spring.mapper.ClassPathMapperScanner]-[DEBUG] Identified candidate component class: URL [jar:file:/E:/java83/workspaces/project/pinyougou/pinyougou-dao/target/pinyougou-dao-1.0-SNAPSHOT.jar!/com/pinyougou/mapper/ItemMapper.class]
2018-10-06 00:02:36,761 [main] [org.mybatis.spring.mapper.ClassPathMapperScanner]-[DEBUG] Identified candidate component class: URL [jar:file:/E:/java83/workspaces/project/pinyougou/pinyougou-dao/target/pinyougou-dao-1.0-SNAPSHOT.jar!/com/pinyougou/mapper/SellerMapper.class]
2018-10-06 00:02:36,761 [main] [org.mybatis.spring.mapper.ClassPathMapperScanner]-[DEBUG] Identified candidate component class: URL [jar:file:/E:/java83/workspaces/project/pinyougou/pinyougou-dao/target/pinyougou-dao-1.0-SNAPSHOT.jar!/com/pinyougou/mapper/SpecificationMapper.class]
2018-10-06 00:02:36,771 [main] [org.mybatis.spring.mapper.ClassPathMapperScanner]-[DEBUG] Identified candidate component class: URL [jar:file:/E:/java83/workspaces/project/pinyougou/pinyougou-dao/target/pinyougou-dao-1.0-SNAPSHOT.jar!/com/pinyougou/mapper/SpecificationOptionMapper.class]
2018-10-06 00:02:36,771 [main] [org.mybatis.spring.mapper.ClassPathMapperScanner]-[DEBUG] Identified candidate component class: URL [jar:file:/E:/java83/workspaces/project/pinyougou/pinyougou-dao/target/pinyougou-dao-1.0-SNAPSHOT.jar!/com/pinyougou/mapper/TypeTemplateMapper.class]
2018-10-06 00:02:36,771 [main] [org.mybatis.spring.mapper.ClassPathMapperScanner]-[DEBUG] Creating MapperFactoryBean with name &apos;brandMapper&apos; and &apos;com.pinyougou.mapper.BrandMapper&apos; mapperInterface
2018-10-06 00:02:36,771 [main] [org.mybatis.spring.mapper.ClassPathMapperScanner]-[DEBUG] Enabling autowire by type for MapperFactoryBean with name &apos;brandMapper&apos;.
2018-10-06 00:02:36,771 [main] [org.mybatis.spring.mapper.ClassPathMapperScanner]-[DEBUG] Creating MapperFactoryBean with name &apos;contentCategoryMapper&apos; and &apos;com.pinyougou.mapper.ContentCategoryMapper&apos; mapperInterface
2018-10-06 00:02:36,771 [main] [org.mybatis.spring.mapper.ClassPathMapperScanner]-[DEBUG] Enabling autowire by type for MapperFactoryBean with name &apos;contentCategoryMapper&apos;.
2018-10-06 00:02:36,771 [main] [org.mybatis.spring.mapper.ClassPathMapperScanner]-[DEBUG] Creating MapperFactoryBean with name &apos;contentMapper&apos; and &apos;com.pinyougou.mapper.ContentMapper&apos; mapperInterface
2018-10-06 00:02:36,771 [main] [org.mybatis.spring.mapper.ClassPathMapperScanner]-[DEBUG] Enabling autowire by type for MapperFactoryBean with name &apos;contentMapper&apos;.
2018-10-06 00:02:36,771 [main] [org.mybatis.spring.mapper.ClassPathMapperScanner]-[DEBUG] Creating MapperFactoryBean with name &apos;goodsDescMapper&apos; and &apos;com.pinyougou.mapper.GoodsDescMapper&apos; mapperInterface
2018-10-06 00:02:36,771 [main] [org.mybatis.spring.mapper.ClassPathMapperScanner]-[DEBUG] Enabling autowire by type for MapperFactoryBean with name &apos;goodsDescMapper&apos;.
2018-10-06 00:02:36,771 [main] [org.mybatis.spring.mapper.ClassPathMapperScanner]-[DEBUG] Creating MapperFactoryBean with name &apos;goodsMapper&apos; and &apos;com.pinyougou.mapper.GoodsMapper&apos; mapperInterface
2018-10-06 00:02:36,771 [main] [org.mybatis.spring.mapper.ClassPathMapperScanner]-[DEBUG] Enabling autowire by type for MapperFactoryBean with name &apos;goodsMapper&apos;.
2018-10-06 00:02:36,771 [main] [org.mybatis.spring.mapper.ClassPathMapperScanner]-[DEBUG] Creating MapperFactoryBean with name &apos;itemCatMapper&apos; and &apos;com.pinyougou.mapper.ItemCatMapper&apos; mapperInterface
2018-10-06 00:02:36,771 [main] [org.mybatis.spring.mapper.ClassPathMapperScanner]-[DEBUG] Enabling autowire by type for MapperFactoryBean with name &apos;itemCatMapper&apos;.
2018-10-06 00:02:36,771 [main] [org.mybatis.spring.mapper.ClassPathMapperScanner]-[DEBUG] Creating MapperFactoryBean with name &apos;itemMapper&apos; and &apos;com.pinyougou.mapper.ItemMapper&apos; mapperInterface
2018-10-06 00:02:36,771 [main] [org.mybatis.spring.mapper.ClassPathMapperScanner]-[DEBUG] Enabling autowire by type for MapperFactoryBean with name &apos;itemMapper&apos;.
2018-10-06 00:02:36,771 [main] [org.mybatis.spring.mapper.ClassPathMapperScanner]-[DEBUG] Creating MapperFactoryBean with name &apos;sellerMapper&apos; and &apos;com.pinyougou.mapper.SellerMapper&apos; mapperInterface
2018-10-06 00:02:36,771 [main] [org.mybatis.spring.mapper.ClassPathMapperScanner]-[DEBUG] Enabling autowire by type for MapperFactoryBean with name &apos;sellerMapper&apos;.
2018-10-06 00:02:36,771 [main] [org.mybatis.spring.mapper.ClassPathMapperScanner]-[DEBUG] Creating MapperFactoryBean with name &apos;specificationMapper&apos; and &apos;com.pinyougou.mapper.SpecificationMapper&apos; mapperInterface
2018-10-06 00:02:36,771 [main] [org.mybatis.spring.mapper.ClassPathMapperScanner]-[DEBUG] Enabling autowire by type for MapperFactoryBean with name &apos;specificationMapper&apos;.
2018-10-06 00:02:36,771 [main] [org.mybatis.spring.mapper.ClassPathMapperScanner]-[DEBUG] Creating MapperFactoryBean with name &apos;specificationOptionMapper&apos; and &apos;com.pinyougou.mapper.SpecificationOptionMapper&apos; mapperInterface
2018-10-06 00:02:36,771 [main] [org.mybatis.spring.mapper.ClassPathMapperScanner]-[DEBUG] Enabling autowire by type for MapperFactoryBean with name &apos;specificationOptionMapper&apos;.
2018-10-06 00:02:36,771 [main] [org.mybatis.spring.mapper.ClassPathMapperScanner]-[DEBUG] Creating MapperFactoryBean with name &apos;typeTemplateMapper&apos; and &apos;com.pinyougou.mapper.TypeTemplateMapper&apos; mapperInterface
2018-10-06 00:02:36,771 [main] [org.mybatis.spring.mapper.ClassPathMapperScanner]-[DEBUG] Enabling autowire by type for MapperFactoryBean with name &apos;typeTemplateMapper&apos;.
2018-10-06 00:02:36,781 [main] [org.springframework.beans.factory.support.DefaultListableBeanFactory]-[DEBUG] Creating shared instance of singleton bean &apos;org.springframework.context.support.PropertySourcesPlaceholderConfigurer#0&apos;
2018-10-06 00:02:36,781 [main] [org.springframework.beans.factory.support.DefaultListableBeanFactory]-[DEBUG] Creating instance of bean &apos;org.springframework.context.support.PropertySourcesPlaceholderConfigurer#0&apos;
2018-10-06 00:02:36,781 [main] [org.springframework.beans.factory.support.DefaultListableBeanFactory]-[DEBUG] Eagerly caching bean &apos;org.springframework.context.support.PropertySourcesPlaceholderConfigurer#0&apos; to allow for resolving potential circular references
2018-10-06 00:02:36,791 [main] [org.springframework.core.io.support.PathMatchingResourcePatternResolver]-[DEBUG] Resolved classpath location [properties/] to resources [URL [jar:file:/E:/java83/workspaces/project/pinyougou/pinyougou-dao/target/pinyougou-dao-1.0-SNAPSHOT.jar!/properties/]]
2018-10-06 00:02:36,791 [main] [org.springframework.core.io.support.PathMatchingResourcePatternResolver]-[DEBUG] Looking for matching resources in jar file [file:/E:/java83/workspaces/project/pinyougou/pinyougou-dao/target/pinyougou-dao-1.0-SNAPSHOT.jar]
2018-10-06 00:02:36,791 [main] [org.springframework.core.io.support.PathMatchingResourcePatternResolver]-[DEBUG] Resolved location pattern [classpath*:properties/*.properties] to resources [URL [jar:file:/E:/java83/workspaces/project/pinyougou/pinyougou-dao/target/pinyougou-dao-1.0-SNAPSHOT.jar!/properties/db.properties]]
2018-10-06 00:02:36,791 [main] [org.springframework.beans.factory.support.DefaultListableBeanFactory]-[DEBUG] Finished creating instance of bean &apos;org.springframework.context.support.PropertySourcesPlaceholderConfigurer#0&apos;
2018-10-06 00:02:36,791 [main] [org.springframework.core.env.MutablePropertySources]-[DEBUG] Adding [environmentProperties] PropertySource with lowest search precedence
2018-10-06 00:02:36,791 [main] [org.springframework.context.support.PropertySourcesPlaceholderConfigurer]-[DEBUG] Loading properties file from URL [jar:file:/E:/java83/workspaces/project/pinyougou/pinyougou-dao/target/pinyougou-dao-1.0-SNAPSHOT.jar!/properties/db.properties]
2018-10-06 00:02:36,791 [main] [org.springframework.core.env.MutablePropertySources]-[DEBUG] Adding [localProperties] PropertySource with lowest search precedence
2018-10-06 00:02:36,801 [main] [org.springframework.core.env.PropertySourcesPropertyResolver]-[DEBUG] Could not find key &apos;jdbc.url&apos; in any property source
2018-10-06 00:02:36,801 [main] [org.springframework.core.env.PropertySourcesPropertyResolver]-[DEBUG] Found key &apos;jdbc.url&apos; in [localProperties] with type [String]
2018-10-06 00:02:36,801 [main] [org.springframework.core.env.PropertySourcesPropertyResolver]-[DEBUG] Could not find key &apos;jdbc.username&apos; in any property source
2018-10-06 00:02:36,801 [main] [org.springframework.core.env.PropertySourcesPropertyResolver]-[DEBUG] Found key &apos;jdbc.username&apos; in [localProperties] with type [String]
2018-10-06 00:02:36,801 [main] [org.springframework.core.env.PropertySourcesPropertyResolver]-[DEBUG] Could not find key &apos;jdbc.password&apos; in any property source
2018-10-06 00:02:36,801 [main] [org.springframework.core.env.PropertySourcesPropertyResolver]-[DEBUG] Found key &apos;jdbc.password&apos; in [localProperties] with type [String]
2018-10-06 00:02:36,801 [main] [org.springframework.core.env.PropertySourcesPropertyResolver]-[DEBUG] Could not find key &apos;jdbc.driver&apos; in any property source
2018-10-06 00:02:36,801 [main] [org.springframework.core.env.PropertySourcesPropertyResolver]-[DEBUG] Found key &apos;jdbc.driver&apos; in [localProperties] with type [String]
2018-10-06 00:02:36,801 [main] [org.springframework.beans.factory.support.DefaultListableBeanFactory]-[DEBUG] Creating shared instance of singleton bean &apos;org.springframework.context.annotation.internalAutowiredAnnotationProcessor&apos;
2018-10-06 00:02:36,801 [main] [org.springframework.beans.factory.support.DefaultListableBeanFactory]-[DEBUG] Creating instance of bean &apos;org.springframework.context.annotation.internalAutowiredAnnotationProcessor&apos;
2018-10-06 00:02:36,801 [main] [org.springframework.beans.factory.support.DefaultListableBeanFactory]-[DEBUG] Eagerly caching bean &apos;org.springframework.context.annotation.internalAutowiredAnnotationProcessor&apos; to allow for resolving potential circular references
2018-10-06 00:02:36,811 [main] [org.springframework.beans.factory.support.DefaultListableBeanFactory]-[DEBUG] Finished creating instance of bean &apos;org.springframework.context.annotation.internalAutowiredAnnotationProcessor&apos;
2018-10-06 00:02:36,811 [main] [org.springframework.beans.factory.support.DefaultListableBeanFactory]-[DEBUG] Creating shared instance of singleton bean &apos;org.springframework.context.annotation.internalRequiredAnnotationProcessor&apos;
2018-10-06 00:02:36,811 [main] [org.springframework.beans.factory.support.DefaultListableBeanFactory]-[DEBUG] Creating instance of bean &apos;org.springframework.context.annotation.internalRequiredAnnotationProcessor&apos;
2018-10-06 00:02:36,811 [main] [org.springframework.beans.factory.support.DefaultListableBeanFactory]-[DEBUG] Eagerly caching bean &apos;org.springframework.context.annotation.internalRequiredAnnotationProcessor&apos; to allow for resolving potential circular references
2018-10-06 00:02:36,811 [main] [org.springframework.beans.factory.support.DefaultListableBeanFactory]-[DEBUG] Finished creating instance of bean &apos;org.springframework.context.annotation.internalRequiredAnnotationProcessor&apos;
2018-10-06 00:02:36,811 [main] [org.springframework.beans.factory.support.DefaultListableBeanFactory]-[DEBUG] Creating shared instance of singleton bean &apos;org.springframework.context.annotation.internalCommonAnnotationProcessor&apos;
2018-10-06 00:02:36,811 [main] [org.springframework.beans.factory.support.DefaultListableBeanFactory]-[DEBUG] Creating instance of bean &apos;org.springframework.context.annotation.internalCommonAnnotationProcessor&apos;
2018-10-06 00:02:36,811 [main] [org.springframework.beans.factory.support.DefaultListableBeanFactory]-[DEBUG] Eagerly caching bean &apos;org.springframework.context.annotation.internalCommonAnnotationProcessor&apos; to allow for resolving potential circular references
2018-10-06 00:02:36,821 [main] [org.springframework.beans.factory.support.DefaultListableBeanFactory]-[DEBUG] Finished creating instance of bean &apos;org.springframework.context.annotation.internalCommonAnnotationProcessor&apos;
2018-10-06 00:02:36,821 [main] [org.springframework.context.support.GenericApplicationContext]-[DEBUG] Unable to locate MessageSource with name &apos;messageSource&apos;: using default [org.springframework.context.support.DelegatingMessageSource@6743e411]
2018-10-06 00:02:36,821 [main] [org.springframework.context.support.GenericApplicationContext]-[DEBUG] Unable to locate ApplicationEventMulticaster with name &apos;applicationEventMulticaster&apos;: using default [org.springframework.context.event.SimpleApplicationEventMulticaster@185a6e9]
2018-10-06 00:02:36,821 [main] [org.springframework.beans.factory.support.DefaultListableBeanFactory]-[DEBUG] Pre-instantiating singletons in org.springframework.beans.factory.support.DefaultListableBeanFactory@77e9807f: defining beans [solrServer,solrTemplate,org.springframework.context.support.PropertySourcesPlaceholderConfigurer#0,dataSource,sqlSessionFactory,tk.mybatis.spring.mapper.MapperScannerConfigurer#0,org.springframework.context.annotation.internalConfigurationAnnotationProcessor,org.springframework.context.annotation.internalAutowiredAnnotationProcessor,org.springframework.context.annotation.internalRequiredAnnotationProcessor,org.springframework.context.annotation.internalCommonAnnotationProcessor,org.springframework.context.event.internalEventListenerProcessor,org.springframework.context.event.internalEventListenerFactory,brandMapper,contentCategoryMapper,contentMapper,goodsDescMapper,goodsMapper,itemCatMapper,itemMapper,sellerMapper,specificationMapper,specificationOptionMapper,typeTemplateMapper]; root of factory hierarchy
2018-10-06 00:02:36,821 [main] [org.springframework.beans.factory.support.DefaultListableBeanFactory]-[DEBUG] Creating shared instance of singleton bean &apos;solrServer&apos;
2018-10-06 00:02:36,821 [main] [org.springframework.beans.factory.support.DefaultListableBeanFactory]-[DEBUG] Creating instance of bean &apos;solrServer&apos;
2018-10-06 00:02:36,851 [main] [org.apache.solr.client.solrj.impl.HttpClientUtil]-[DEBUG] Creating new http client, config:maxConnections=128&amp;maxConnectionsPerHost=32&amp;followRedirects=false
2018-10-06 00:02:37,211 [main] [org.springframework.beans.factory.support.DefaultListableBeanFactory]-[DEBUG] Eagerly caching bean &apos;solrServer&apos; to allow for resolving potential circular references
2018-10-06 00:02:37,221 [main] [org.springframework.beans.factory.support.DefaultListableBeanFactory]-[DEBUG] Finished creating instance of bean &apos;solrServer&apos;
2018-10-06 00:02:37,221 [main] [org.springframework.beans.factory.support.DefaultListableBeanFactory]-[DEBUG] Creating shared instance of singleton bean &apos;solrTemplate&apos;
2018-10-06 00:02:37,221 [main] [org.springframework.beans.factory.support.DefaultListableBeanFactory]-[DEBUG] Creating instance of bean &apos;solrTemplate&apos;
2018-10-06 00:02:37,241 [main] [org.springframework.beans.factory.support.DefaultListableBeanFactory]-[DEBUG] Returning cached instance of singleton bean &apos;solrServer&apos;
2018-10-06 00:02:37,241 [main] [org.springframework.beans.BeanUtils]-[DEBUG] No property editor [org.apache.solr.client.solrj.SolrServerEditor] found for type org.apache.solr.client.solrj.SolrServer according to &apos;Editor&apos; suffix convention
2018-10-06 00:02:37,241 [main] [org.springframework.context.support.GenericApplicationContext]-[WARN] Exception encountered during context initialization - cancelling refresh attempt: org.springframework.beans.factory.UnsatisfiedDependencyException: Error creating bean with name &apos;solrTemplate&apos; defined in file [E:\java83\workspaces\project\pinyougou\pinyougou-solr-import\target\classes\spring\applicationContext-solr.xml]: Unsatisfied dependency expressed through constructor parameter 0: Could not convert argument value of type [org.apache.solr.client.solrj.impl.HttpSolrServer] to required type [org.apache.solr.client.solrj.SolrServer]: Failed to convert value of type &apos;org.apache.solr.client.solrj.impl.HttpSolrServer&apos; to required type &apos;org.apache.solr.client.solrj.SolrServer&apos;; nested exception is java.lang.IllegalStateException: Cannot convert value of type &apos;org.apache.solr.client.solrj.impl.HttpSolrServer&apos; to required type &apos;org.apache.solr.client.solrj.SolrServer&apos;: no matching editors or conversion strategy found
Related cause: org.springframework.beans.factory.UnsatisfiedDependencyException: Error creating bean with name &apos;solrTemplate&apos; defined in file [E:\java83\workspaces\project\pinyougou\pinyougou-solr-import\target\classes\spring\applicationContext-solr.xml]: Unsatisfied dependency expressed through constructor parameter 0: Ambiguous argument values for parameter of type [org.springframework.data.solr.server.SolrServerFactory] - did you specify the correct bean references as arguments?
Related cause: org.springframework.beans.factory.UnsatisfiedDependencyException: Error creating bean with name &apos;solrTemplate&apos; defined in file [E:\java83\workspaces\project\pinyougou\pinyougou-solr-import\target\classes\spring\applicationContext-solr.xml]: Unsatisfied dependency expressed through constructor parameter 0: Could not convert argument value of type [org.apache.solr.client.solrj.impl.HttpSolrServer] to required type [org.apache.solr.client.solrj.SolrServer]: Failed to convert value of type &apos;org.apache.solr.client.solrj.impl.HttpSolrServer&apos; to required type &apos;org.apache.solr.client.solrj.SolrServer&apos;; nested exception is java.lang.IllegalStateException: Cannot convert value of type &apos;org.apache.solr.client.solrj.impl.HttpSolrServer&apos; to required type &apos;org.apache.solr.client.solrj.SolrServer&apos;: no matching editors or conversion strategy found
2018-10-06 00:02:37,241 [main] [org.springframework.beans.factory.support.DefaultListableBeanFactory]-[DEBUG] Destroying singletons in org.springframework.beans.factory.support.DefaultListableBeanFactory@77e9807f: defining beans [solrServer,solrTemplate,org.springframework.context.support.PropertySourcesPlaceholderConfigurer#0,dataSource,sqlSessionFactory,tk.mybatis.spring.mapper.MapperScannerConfigurer#0,org.springframework.context.annotation.internalConfigurationAnnotationProcessor,org.springframework.context.annotation.internalAutowiredAnnotationProcessor,org.springframework.context.annotation.internalRequiredAnnotationProcessor,org.springframework.context.annotation.internalCommonAnnotationProcessor,org.springframework.context.event.internalEventListenerProcessor,org.springframework.context.event.internalEventListenerFactory,brandMapper,contentCategoryMapper,contentMapper,goodsDescMapper,goodsMapper,itemCatMapper,itemMapper,sellerMapper,specificationMapper,specificationOptionMapper,typeTemplateMapper]; root of factory hierarchy
2018-10-06 00:02:37,241 [main] [org.springframework.beans.factory.support.DisposableBeanAdapter]-[DEBUG] Invoking destroy method &apos;close&apos; on bean with name &apos;solrServer&apos;
2018-10-06 00:02:37,241 [main] [org.apache.http.impl.conn.PoolingClientConnectionManager]-[DEBUG] Connection manager is shutting down
2018-10-06 00:02:37,241 [main] [org.apache.http.impl.conn.PoolingClientConnectionManager]-[DEBUG] Connection manager shut down
2018-10-06 00:02:37,241 [main] [org.springframework.test.context.TestContextManager]-[ERROR] Caught exception while allowing TestExecutionListener [org.springframework.test.context.support.DependencyInjectionTestExecutionListener@79be0360] to prepare test instance [com.pinyougou.solr.ItemImport2SolrTest@51cdd8a]
java.lang.IllegalStateException: Failed to load ApplicationContext
	at org.springframework.test.context.cache.DefaultCacheAwareContextLoaderDelegate.loadContext(DefaultCacheAwareContextLoaderDelegate.java:124)
	at org.springframework.test.context.support.DefaultTestContext.getApplicationContext(DefaultTestContext.java:83)
	at org.springframework.test.context.support.DependencyInjectionTestExecutionListener.injectDependencies(DependencyInjectionTestExecutionListener.java:117)
	at org.springframework.test.context.support.DependencyInjectionTestExecutionListener.prepareTestInstance(DependencyInjectionTestExecutionListener.java:83)
	at org.springframework.test.context.TestContextManager.prepareTestInstance(TestContextManager.java:230)
	at org.springframework.test.context.junit4.SpringJUnit4ClassRunner.createTest(SpringJUnit4ClassRunner.java:228)
	at org.springframework.test.context.junit4.SpringJUnit4ClassRunner$1.runReflectiveCall(SpringJUnit4ClassRunner.java:287)
	at org.junit.internal.runners.model.ReflectiveCallable.run(ReflectiveCallable.java:12)
	at org.springframework.test.context.junit4.SpringJUnit4ClassRunner.methodBlock(SpringJUnit4ClassRunner.java:289)
	at org.springframework.test.context.junit4.SpringJUnit4ClassRunner.runChild(SpringJUnit4ClassRunner.java:247)
	at org.springframework.test.context.junit4.SpringJUnit4ClassRunner.runChild(SpringJUnit4ClassRunner.java:94)
	at org.junit.runners.ParentRunner$3.run(ParentRunner.java:290)
	at org.junit.runners.ParentRunner$1.schedule(ParentRunner.java:71)
	at org.junit.runners.ParentRunner.runChildren(ParentRunner.java:288)
	at org.junit.runners.ParentRunner.access$000(ParentRunner.java:58)
	at org.junit.runners.ParentRunner$2.evaluate(ParentRunner.java:268)
	at org.springframework.test.context.junit4.statements.RunBeforeTestClassCallbacks.evaluate(RunBeforeTestClassCallbacks.java:61)
	at org.springframework.test.context.junit4.statements.RunAfterTestClassCallbacks.evaluate(RunAfterTestClassCallbacks.java:70)
	at org.junit.runners.ParentRunner.run(ParentRunner.java:363)
	at org.springframework.test.context.junit4.SpringJUnit4ClassRunner.run(SpringJUnit4ClassRunner.java:191)
	at org.apache.maven.surefire.junit4.JUnit4Provider.execute(JUnit4Provider.java:252)
	at org.apache.maven.surefire.junit4.JUnit4Provider.executeTestSet(JUnit4Provider.java:141)
	at org.apache.maven.surefire.junit4.JUnit4Provider.invoke(JUnit4Provider.java:112)
	at sun.reflect.NativeMethodAccessorImpl.invoke0(Native Method)
	at sun.reflect.NativeMethodAccessorImpl.invoke(NativeMethodAccessorImpl.java:62)
	at sun.reflect.DelegatingMethodAccessorImpl.invoke(DelegatingMethodAccessorImpl.java:43)
	at java.lang.reflect.Method.invoke(Method.java:498)
	at org.apache.maven.surefire.util.ReflectionUtils.invokeMethodWithArray(ReflectionUtils.java:189)
	at org.apache.maven.surefire.booter.ProviderFactory$ProviderProxy.invoke(ProviderFactory.java:165)
	at org.apache.maven.surefire.booter.ProviderFactory.invokeProvider(ProviderFactory.java:85)
	at org.apache.maven.surefire.booter.ForkedBooter.runSuitesInProcess(ForkedBooter.java:115)
	at org.apache.maven.surefire.booter.ForkedBooter.main(ForkedBooter.java:75)
Caused by: org.springframework.beans.factory.UnsatisfiedDependencyException: Error creating bean with name &apos;solrTemplate&apos; defined in file [E:\java83\workspaces\project\pinyougou\pinyougou-solr-import\target\classes\spring\applicationContext-solr.xml]: Unsatisfied dependency expressed through constructor parameter 0: Could not convert argument value of type [org.apache.solr.client.solrj.impl.HttpSolrServer] to required type [org.apache.solr.client.solrj.SolrServer]: Failed to convert value of type &apos;org.apache.solr.client.solrj.impl.HttpSolrServer&apos; to required type &apos;org.apache.solr.client.solrj.SolrServer&apos;; nested exception is java.lang.IllegalStateException: Cannot convert value of type &apos;org.apache.solr.client.solrj.impl.HttpSolrServer&apos; to required type &apos;org.apache.solr.client.solrj.SolrServer&apos;: no matching editors or conversion strategy found
Related cause: org.springframework.beans.factory.UnsatisfiedDependencyException: Error creating bean with name &apos;solrTemplate&apos; defined in file [E:\java83\workspaces\project\pinyougou\pinyougou-solr-import\target\classes\spring\applicationContext-solr.xml]: Unsatisfied dependency expressed through constructor parameter 0: Ambiguous argument values for parameter of type [org.springframework.data.solr.server.SolrServerFactory] - did you specify the correct bean references as arguments?
Related cause: org.springframework.beans.factory.UnsatisfiedDependencyException: Error creating bean with name &apos;solrTemplate&apos; defined in file [E:\java83\workspaces\project\pinyougou\pinyougou-solr-import\target\classes\spring\applicationContext-solr.xml]: Unsatisfied dependency expressed through constructor parameter 0: Could not convert argument value of type [org.apache.solr.client.solrj.impl.HttpSolrServer] to required type [org.apache.solr.client.solrj.SolrServer]: Failed to convert value of type &apos;org.apache.solr.client.solrj.impl.HttpSolrServer&apos; to required type &apos;org.apache.solr.client.solrj.SolrServer&apos;; nested exception is java.lang.IllegalStateException: Cannot convert value of type &apos;org.apache.solr.client.solrj.impl.HttpSolrServer&apos; to required type &apos;org.apache.solr.client.solrj.SolrServer&apos;: no matching editors or conversion strategy found
	at org.springframework.beans.factory.support.ConstructorResolver.createArgumentArray(ConstructorResolver.java:723)
	at org.springframework.beans.factory.support.ConstructorResolver.autowireConstructor(ConstructorResolver.java:189)
	at org.springframework.beans.factory.support.AbstractAutowireCapableBeanFactory.autowireConstructor(AbstractAutowireCapableBeanFactory.java:1193)
	at org.springframework.beans.factory.support.AbstractAutowireCapableBeanFactory.createBeanInstance(AbstractAutowireCapableBeanFactory.java:1095)
	at org.springframework.beans.factory.support.AbstractAutowireCapableBeanFactory.doCreateBean(AbstractAutowireCapableBeanFactory.java:513)
	at org.springframework.beans.factory.support.AbstractAutowireCapableBeanFactory.createBean(AbstractAutowireCapableBeanFactory.java:483)
	at org.springframework.beans.factory.support.AbstractBeanFactory$1.getObject(AbstractBeanFactory.java:306)
	at org.springframework.beans.factory.support.DefaultSingletonBeanRegistry.getSingleton(DefaultSingletonBeanRegistry.java:230)
	at org.springframework.beans.factory.support.AbstractBeanFactory.doGetBean(AbstractBeanFactory.java:302)
	at org.springframework.beans.factory.support.AbstractBeanFactory.getBean(AbstractBeanFactory.java:197)
	at org.springframework.beans.factory.support.DefaultListableBeanFactory.preInstantiateSingletons(DefaultListableBeanFactory.java:761)
	at org.springframework.context.support.AbstractApplicationContext.finishBeanFactoryInitialization(AbstractApplicationContext.java:867)
	at org.springframework.context.support.AbstractApplicationContext.refresh(AbstractApplicationContext.java:543)
	at org.springframework.test.context.support.AbstractGenericContextLoader.loadContext(AbstractGenericContextLoader.java:128)
	at org.springframework.test.context.support.AbstractGenericContextLoader.loadContext(AbstractGenericContextLoader.java:60)
	at org.springframework.test.context.support.AbstractDelegatingSmartContextLoader.delegateLoading(AbstractDelegatingSmartContextLoader.java:108)
	at org.springframework.test.context.support.AbstractDelegatingSmartContextLoader.loadContext(AbstractDelegatingSmartContextLoader.java:251)
	at org.springframework.test.context.cache.DefaultCacheAwareContextLoaderDelegate.loadContextInternal(DefaultCacheAwareContextLoaderDelegate.java:98)
	at org.springframework.test.context.cache.DefaultCacheAwareContextLoaderDelegate.loadContext(DefaultCacheAwareContextLoaderDelegate.java:116)
	... 31 more
</system-out>
  </testcase>
</testsuite>